<?xml version="1.0" encoding="UTF-8" ?>
<testsuite tests="25" failures="0" name="se.nackademin.my.rest.test.MyFirstTestFall" time="3.313" errors="0" skipped="0">
  <properties>
    <property name="java.runtime.name" value="Java(TM) SE Runtime Environment"/>
    <property name="sun.boot.library.path" value="/usr/lib/jvm/java-8-oracle/jre/lib/i386"/>
    <property name="java.vm.version" value="25.72-b15"/>
    <property name="java.vm.vendor" value="Oracle Corporation"/>
    <property name="java.vendor.url" value="http://java.oracle.com/"/>
    <property name="path.separator" value=":"/>
    <property name="guice.disable.misplaced.annotation.check" value="true"/>
    <property name="java.vm.name" value="Java HotSpot(TM) Client VM"/>
    <property name="file.encoding.pkg" value="sun.io"/>
    <property name="user.country" value="US"/>
    <property name="sun.java.launcher" value="SUN_STANDARD"/>
    <property name="sun.os.patch.level" value="unknown"/>
    <property name="test" value="se.nackademin.my.rest.test.MyFirstTestFall"/>
    <property name="java.vm.specification.name" value="Java Virtual Machine Specification"/>
    <property name="user.dir" value="/home/olesia/NetBeansProjects/my-rest-test"/>
    <property name="java.runtime.version" value="1.8.0_72-b15"/>
    <property name="java.awt.graphicsenv" value="sun.awt.X11GraphicsEnvironment"/>
    <property name="java.endorsed.dirs" value="/usr/lib/jvm/java-8-oracle/jre/lib/endorsed"/>
    <property name="os.arch" value="i386"/>
    <property name="java.io.tmpdir" value="/tmp"/>
    <property name="line.separator" value="
"/>
    <property name="java.vm.specification.vendor" value="Oracle Corporation"/>
    <property name="os.name" value="Linux"/>
    <property name="maven.ext.class.path" value="/home/olesia/netbeans-8.1/java/maven-nblib/netbeans-eventspy.jar"/>
    <property name="classworlds.conf" value="/usr/share/maven/bin/m2.conf"/>
    <property name="sun.jnu.encoding" value="UTF-8"/>
    <property name="java.library.path" value="/usr/lib/jvm/java-8-oracle/jre/lib/amd64:/usr/lib/jvm/java-8-oracle/jre/lib/i386::/usr/java/packages/lib/i386:/lib:/usr/lib"/>
    <property name="java.specification.name" value="Java Platform API Specification"/>
    <property name="java.class.version" value="52.0"/>
    <property name="sun.management.compiler" value="HotSpot Client Compiler"/>
    <property name="os.version" value="3.19.0-25-generic"/>
    <property name="user.home" value="/home/olesia"/>
    <property name="user.timezone" value="Europe/Stockholm"/>
    <property name="java.awt.printerjob" value="sun.print.PSPrinterJob"/>
    <property name="java.specification.version" value="1.8"/>
    <property name="file.encoding" value="UTF-8"/>
    <property name="user.name" value="olesia"/>
    <property name="java.class.path" value="/usr/share/maven/boot/plexus-classworlds-2.x.jar"/>
    <property name="java.vm.specification.version" value="1.8"/>
    <property name="sun.arch.data.model" value="32"/>
    <property name="java.home" value="/usr/lib/jvm/java-8-oracle/jre"/>
    <property name="sun.java.command" value="org.codehaus.plexus.classworlds.launcher.Launcher -Dtest=se.nackademin.my.rest.test.MyFirstTestFall -Dmaven.ext.class.path=/home/olesia/netbeans-8.1/java/maven-nblib/netbeans-eventspy.jar surefire:test"/>
    <property name="java.specification.vendor" value="Oracle Corporation"/>
    <property name="user.language" value="en"/>
    <property name="awt.toolkit" value="sun.awt.X11.XToolkit"/>
    <property name="java.vm.info" value="mixed mode"/>
    <property name="java.version" value="1.8.0_72"/>
    <property name="java.ext.dirs" value="/usr/lib/jvm/java-8-oracle/jre/lib/ext:/usr/java/packages/lib/ext"/>
    <property name="securerandom.source" value="file:/dev/./urandom"/>
    <property name="sun.boot.class.path" value="/usr/lib/jvm/java-8-oracle/jre/lib/resources.jar:/usr/lib/jvm/java-8-oracle/jre/lib/rt.jar:/usr/lib/jvm/java-8-oracle/jre/lib/sunrsasign.jar:/usr/lib/jvm/java-8-oracle/jre/lib/jsse.jar:/usr/lib/jvm/java-8-oracle/jre/lib/jce.jar:/usr/lib/jvm/java-8-oracle/jre/lib/charsets.jar:/usr/lib/jvm/java-8-oracle/jre/lib/jfr.jar:/usr/lib/jvm/java-8-oracle/jre/classes"/>
    <property name="java.vendor" value="Oracle Corporation"/>
    <property name="maven.home" value="/usr/share/maven"/>
    <property name="file.separator" value="/"/>
    <property name="java.vendor.url.bug" value="http://bugreport.sun.com/bugreport/"/>
    <property name="sun.cpu.endian" value="little"/>
    <property name="sun.io.unicode.encoding" value="UnicodeLittle"/>
    <property name="sun.desktop" value="gnome"/>
    <property name="sun.cpu.isalist" value=""/>
  </properties>
  <testcase classname="se.nackademin.my.rest.test.MyFirstTestFall" name="testGetAllAuthors" time="1.867"/>
  <testcase classname="se.nackademin.my.rest.test.MyFirstTestFall" name="testBookPost" time="0.055"/>
  <testcase classname="se.nackademin.my.rest.test.MyFirstTestFall" name="testGetBooksOfAuthorNegativ" time="0.105"/>
  <testcase classname="se.nackademin.my.rest.test.MyFirstTestFall" name="testGetAllBooks" time="0.148"/>
  <testcase classname="se.nackademin.my.rest.test.MyFirstTestFall" name="testBookPostNegativ1" time="0.101"/>
  <testcase classname="se.nackademin.my.rest.test.MyFirstTestFall" name="testBookPostNegativ2" time="0.023"/>
  <testcase classname="se.nackademin.my.rest.test.MyFirstTestFall" name="testBookPostNegativ3" time="0.022"/>
  <testcase classname="se.nackademin.my.rest.test.MyFirstTestFall" name="testDeleteAuthorByIdNegativ" time="0.095"/>
  <testcase classname="se.nackademin.my.rest.test.MyFirstTestFall" name="testGetBooksOfAuthor" time="0.08"/>
  <testcase classname="se.nackademin.my.rest.test.MyFirstTestFall" name="testPutAuthorNegativ" time="0"/>
  <testcase classname="se.nackademin.my.rest.test.MyFirstTestFall" name="testGetAuthorById" time="0.021"/>
  <testcase classname="se.nackademin.my.rest.test.MyFirstTestFall" name="testDeleteBookByNumber" time="0.038"/>
  <testcase classname="se.nackademin.my.rest.test.MyFirstTestFall" name="testDeleteAuthorById" time="0.065"/>
  <testcase classname="se.nackademin.my.rest.test.MyFirstTestFall" name="testGetBookByNumber" time="0.087"/>
  <testcase classname="se.nackademin.my.rest.test.MyFirstTestFall" name="testPostAuthor" time="0.032"/>
  <testcase classname="se.nackademin.my.rest.test.MyFirstTestFall" name="testGetBookByNumberNegativ" time="0.032"/>
  <testcase classname="se.nackademin.my.rest.test.MyFirstTestFall" name="testGetAuthersOfBook" time="0.022"/>
  <testcase classname="se.nackademin.my.rest.test.MyFirstTestFall" name="testGetAuthersOfBookNegativ" time="0.022"/>
  <testcase classname="se.nackademin.my.rest.test.MyFirstTestFall" name="testDeleteBookByNumberNegativ" time="0.086"/>
  <testcase classname="se.nackademin.my.rest.test.MyFirstTestFall" name="testPostAuthorNegativ" time="0.049"/>
  <testcase classname="se.nackademin.my.rest.test.MyFirstTestFall" name="testAddAutherToBookNegativ1" time="0.055"/>
  <testcase classname="se.nackademin.my.rest.test.MyFirstTestFall" name="testAddAutherToBookNegativ2" time="0.067"/>
  <testcase classname="se.nackademin.my.rest.test.MyFirstTestFall" name="testAddAutherToBookNegativ3" time="0.07"/>
  <testcase classname="se.nackademin.my.rest.test.MyFirstTestFall" name="testAddAutherToBook" time="0.053"/>
  <testcase classname="se.nackademin.my.rest.test.MyFirstTestFall" name="testGetAuthorByIdNegativ" time="0.02"/>
</testsuite>